<?xml version="1.0" encoding="UTF-8"?>
<!-- Generated by org.testng.reporters.JUnitReportReporter -->
<testsuite hostname="Uzma_Shaik" failures="0" tests="3" name="april3.FirstTestNgClass" time="3.115" errors="0" timestamp="2024-04-03T23:01:41 IST" skipped="0">
  <testcase classname="april3.FirstTestNgClass" name="ianking" time="0.681"/>
  <system-out>
    <![CDATA[Executing ibanking test]]>
  </system-out>
  <testcase classname="april3.FirstTestNgClass" name="pbanking" time="1.711"/>
  <system-out>
    <![CDATA[Executing pbanking test]]>
  </system-out>
  <testcase classname="april3.FirstTestNgClass" name="cbanking" time="0.723"/>
  <system-out>
    <![CDATA[Executing cbanking test]]>
  </system-out>
</testsuite> <!-- april3.FirstTestNgClass -->
