<?xml version="1.0" encoding="UTF-8"?>
<!-- Generated by org.testng.reporters.JUnitReportReporter -->
<testsuite hostname="Uzma_Shaik" failures="0" tests="3" name="april4.Using_DataProvider" time="11.477" errors="0" timestamp="2024-04-05T13:20:41 IST" skipped="0">
  <testcase classname="april4.Using_DataProvider" name="verify_Login" time="2.275"/>
  <system-out>
    <![CDATA[Login Success::dashboard                 http://orangehrm.qedgetech.com/symfony/web/index.php/dashboard]]>
  </system-out>
  <testcase classname="april4.Using_DataProvider" name="verify_Login" time="7.447"/>
  <system-out>
    <![CDATA[Login Success::dashboard                 http://orangehrm.qedgetech.com/symfony/web/index.php/dashboard]]>
  </system-out>
  <testcase classname="april4.Using_DataProvider" name="verify_Login" time="1.755"/>
  <system-out>
    <![CDATA[Login Fail::dashboard                  http://orangehrm.qedgetech.com/symfony/web/index.php/auth/validateCredentials]]>
  </system-out>
</testsuite> <!-- april4.Using_DataProvider -->
