<?xml version="1.0" encoding="UTF-8"?>
<!-- Generated by org.testng.reporters.JUnitReportReporter -->
<testsuite hostname="Uzma_Shaik" failures="0" tests="3" name="April2.FirstClass" time="0.015" errors="0" timestamp="2024-04-02T21:49:58 IST" skipped="0">
  <testcase classname="April2.FirstClass" name="reply" time="0.003"/>
  <system-out>
    <![CDATA[Excuting reply Test]]>
  </system-out>
  <testcase classname="April2.FirstClass" name="compose" time="0.011"/>
  <system-out>
    <![CDATA[Excuting compose Test]]>
  </system-out>
  <testcase classname="April2.FirstClass" name="login" time="0.001"/>
  <system-out>
    <![CDATA[Excuting Login Test]]>
  </system-out>
</testsuite> <!-- April2.FirstClass -->
